running egg_info
creating ../../build/ir_sensor_node/ir_sensor_node.egg-info
writing ../../build/ir_sensor_node/ir_sensor_node.egg-info/PKG-INFO
writing dependency_links to ../../build/ir_sensor_node/ir_sensor_node.egg-info/dependency_links.txt
writing entry points to ../../build/ir_sensor_node/ir_sensor_node.egg-info/entry_points.txt
writing requirements to ../../build/ir_sensor_node/ir_sensor_node.egg-info/requires.txt
writing top-level names to ../../build/ir_sensor_node/ir_sensor_node.egg-info/top_level.txt
writing manifest file '../../build/ir_sensor_node/ir_sensor_node.egg-info/SOURCES.txt'
reading manifest file '../../build/ir_sensor_node/ir_sensor_node.egg-info/SOURCES.txt'
writing manifest file '../../build/ir_sensor_node/ir_sensor_node.egg-info/SOURCES.txt'
running build
running build_py
creating /home/minsolkim/ros2_ws/build/ir_sensor_node/build
creating /home/minsolkim/ros2_ws/build/ir_sensor_node/build/lib
creating /home/minsolkim/ros2_ws/build/ir_sensor_node/build/lib/ir_sensor_node
copying ir_sensor_node/plot_histogram.py -> /home/minsolkim/ros2_ws/build/ir_sensor_node/build/lib/ir_sensor_node
copying ir_sensor_node/__init__.py -> /home/minsolkim/ros2_ws/build/ir_sensor_node/build/lib/ir_sensor_node
copying ir_sensor_node/sensor_data_collector.py -> /home/minsolkim/ros2_ws/build/ir_sensor_node/build/lib/ir_sensor_node
running install
running install_lib
creating /home/minsolkim/ros2_ws/install/ir_sensor_node/lib/python3.10/site-packages/ir_sensor_node
copying /home/minsolkim/ros2_ws/build/ir_sensor_node/build/lib/ir_sensor_node/plot_histogram.py -> /home/minsolkim/ros2_ws/install/ir_sensor_node/lib/python3.10/site-packages/ir_sensor_node
copying /home/minsolkim/ros2_ws/build/ir_sensor_node/build/lib/ir_sensor_node/__init__.py -> /home/minsolkim/ros2_ws/install/ir_sensor_node/lib/python3.10/site-packages/ir_sensor_node
copying /home/minsolkim/ros2_ws/build/ir_sensor_node/build/lib/ir_sensor_node/sensor_data_collector.py -> /home/minsolkim/ros2_ws/install/ir_sensor_node/lib/python3.10/site-packages/ir_sensor_node
byte-compiling /home/minsolkim/ros2_ws/install/ir_sensor_node/lib/python3.10/site-packages/ir_sensor_node/plot_histogram.py to plot_histogram.cpython-310.pyc
byte-compiling /home/minsolkim/ros2_ws/install/ir_sensor_node/lib/python3.10/site-packages/ir_sensor_node/__init__.py to __init__.cpython-310.pyc
byte-compiling /home/minsolkim/ros2_ws/install/ir_sensor_node/lib/python3.10/site-packages/ir_sensor_node/sensor_data_collector.py to sensor_data_collector.cpython-310.pyc
running install_data
creating /home/minsolkim/ros2_ws/install/ir_sensor_node/share/ament_index
creating /home/minsolkim/ros2_ws/install/ir_sensor_node/share/ament_index/resource_index
creating /home/minsolkim/ros2_ws/install/ir_sensor_node/share/ament_index/resource_index/packages
copying resource/ir_sensor_node -> /home/minsolkim/ros2_ws/install/ir_sensor_node/share/ament_index/resource_index/packages
copying package.xml -> /home/minsolkim/ros2_ws/install/ir_sensor_node/share/ir_sensor_node
running install_egg_info
Copying ../../build/ir_sensor_node/ir_sensor_node.egg-info to /home/minsolkim/ros2_ws/install/ir_sensor_node/lib/python3.10/site-packages/ir_sensor_node-0.0.0-py3.10.egg-info
running install_scripts
Installing plot_histogram script to /home/minsolkim/ros2_ws/install/ir_sensor_node/lib/ir_sensor_node
Installing sensor_data_collector script to /home/minsolkim/ros2_ws/install/ir_sensor_node/lib/ir_sensor_node
writing list of installed files to '/home/minsolkim/ros2_ws/build/ir_sensor_node/install.log'
