[1.622s] Invoking command in '/home/minsolkim/ros2_ws/src/ir_sensor_node': PYTHONPATH=/home/minsolkim/ros2_ws/build/ir_sensor_node/prefix_override:/home/minsolkim/ros2_ws/install/ir_sensor_node/lib/python3.10/site-packages:${PYTHONPATH} /usr/bin/python3 -W ignore:setup.py install is deprecated setup.py egg_info --egg-base ../../build/ir_sensor_node build --build-base /home/minsolkim/ros2_ws/build/ir_sensor_node/build install --record /home/minsolkim/ros2_ws/build/ir_sensor_node/install.log --single-version-externally-managed install_data
[2.270s] running egg_info
[2.271s] writing ../../build/ir_sensor_node/ir_sensor_node.egg-info/PKG-INFO
[2.272s] writing dependency_links to ../../build/ir_sensor_node/ir_sensor_node.egg-info/dependency_links.txt
[2.272s] writing entry points to ../../build/ir_sensor_node/ir_sensor_node.egg-info/entry_points.txt
[2.273s] writing requirements to ../../build/ir_sensor_node/ir_sensor_node.egg-info/requires.txt
[2.273s] writing top-level names to ../../build/ir_sensor_node/ir_sensor_node.egg-info/top_level.txt
[2.277s] reading manifest file '../../build/ir_sensor_node/ir_sensor_node.egg-info/SOURCES.txt'
[2.279s] writing manifest file '../../build/ir_sensor_node/ir_sensor_node.egg-info/SOURCES.txt'
[2.280s] running build
[2.280s] running build_py
[2.280s] copying ir_sensor_node/sensor_data_collector.py -> /home/minsolkim/ros2_ws/build/ir_sensor_node/build/lib/ir_sensor_node
[2.282s] running install
[2.283s] running install_lib
[2.285s] copying /home/minsolkim/ros2_ws/build/ir_sensor_node/build/lib/ir_sensor_node/sensor_data_collector.py -> /home/minsolkim/ros2_ws/install/ir_sensor_node/lib/python3.10/site-packages/ir_sensor_node
[2.286s] byte-compiling /home/minsolkim/ros2_ws/install/ir_sensor_node/lib/python3.10/site-packages/ir_sensor_node/sensor_data_collector.py to sensor_data_collector.cpython-310.pyc
[2.288s] running install_data
[2.288s] running install_egg_info
[2.294s] removing '/home/minsolkim/ros2_ws/install/ir_sensor_node/lib/python3.10/site-packages/ir_sensor_node-0.0.0-py3.10.egg-info' (and everything under it)
[2.294s] Copying ../../build/ir_sensor_node/ir_sensor_node.egg-info to /home/minsolkim/ros2_ws/install/ir_sensor_node/lib/python3.10/site-packages/ir_sensor_node-0.0.0-py3.10.egg-info
[2.295s] running install_scripts
[2.353s] Installing plot_histogram script to /home/minsolkim/ros2_ws/install/ir_sensor_node/lib/ir_sensor_node
[2.354s] Installing sensor_data_collector script to /home/minsolkim/ros2_ws/install/ir_sensor_node/lib/ir_sensor_node
[2.355s] writing list of installed files to '/home/minsolkim/ros2_ws/build/ir_sensor_node/install.log'
[2.411s] Invoked command in '/home/minsolkim/ros2_ws/src/ir_sensor_node' returned '0': PYTHONPATH=/home/minsolkim/ros2_ws/build/ir_sensor_node/prefix_override:/home/minsolkim/ros2_ws/install/ir_sensor_node/lib/python3.10/site-packages:${PYTHONPATH} /usr/bin/python3 -W ignore:setup.py install is deprecated setup.py egg_info --egg-base ../../build/ir_sensor_node build --build-base /home/minsolkim/ros2_ws/build/ir_sensor_node/build install --record /home/minsolkim/ros2_ws/build/ir_sensor_node/install.log --single-version-externally-managed install_data
